2025-08-09 19:04:40,653 | INFO | TRADE: BUY | KRW-ETH | Price: 392 | Qty: 13.612385 | Stage4: defensive TF | TP: 400 | SL: 388
2025-08-09 19:04:43,511 | INFO | TRADE: BUY | KRW-ENA | Price: 524,722 | Qty: 0.011129 | Stage4: defensive TF | TP: 535,479 | SL: 519,475
2025-08-09 19:34:39,692 | INFO | TRADE: BUY | KRW-ENA | Price: 1,004 | Qty: 6.373274 | Stage5: BB scalp | TP: 1,003 | SL: 989
2025-08-09 20:41:53,453 | INFO | TRADE: BUY | KRW-ENA | Price: 1,014 | Qty: 6.310420 | Stage5: BB scalp | TP: 1,029 | SL: 999
2025-08-09 20:44:06,394 | INFO | TRADE: BUY | KRW-ENS | Price: 40,620 | Qty: 0.142916 | Stage4: defensive TF | TP: 41,463 | SL: 40,224
2025-08-09 22:24:53,637 | INFO | TRADE: BUY | KRW-XRP | Price: 4,531 | Qty: 1.243071 | Stage4: defensive TF | TP: 4,624 | SL: 4,486
2025-08-10 09:53:27,680 | INFO | EXIT: 5% ๋ฌ์ฑ - 30% ๋งค๋ | KRW-ENS | Price: 42,740 | PnL: +91 (+5.22%) ๐ข
2025-08-10 09:54:33,089 | INFO | EXIT: 5% ๋ฌ์ฑ - 30% ๋งค๋ | KRW-ENS | Price: 43,070 | PnL: +105 (+6.03%) ๐ข
2025-08-10 09:55:38,369 | INFO | EXIT: 5% ๋ฌ์ฑ - 30% ๋งค๋ | KRW-ENS | Price: 42,850 | PnL: +96 (+5.49%) ๐ข
2025-08-10 09:56:43,735 | INFO | EXIT: 5% ๋ฌ์ฑ - 30% ๋งค๋ | KRW-ENS | Price: 42,970 | PnL: +101 (+5.79%) ๐ข
2025-08-10 09:57:49,073 | INFO | EXIT: 5% ๋ฌ์ฑ - 30% ๋งค๋ | KRW-ENS | Price: 43,100 | PnL: +106 (+6.11%) ๐ข
2025-08-10 09:58:54,473 | INFO | EXIT: 5% ๋ฌ์ฑ - 30% ๋งค๋ | KRW-ENS | Price: 43,230 | PnL: +112 (+6.43%) ๐ข
2025-08-10 09:59:59,782 | INFO | EXIT: 5% ๋ฌ์ฑ - 30% ๋งค๋ | KRW-ENS | Price: 42,940 | PnL: +100 (+5.71%) ๐ข
2025-08-10 10:01:05,065 | INFO | EXIT: 5% ๋ฌ์ฑ - 30% ๋งค๋ | KRW-ENS | Price: 43,160 | PnL: +109 (+6.25%) ๐ข
2025-08-10 10:02:10,412 | INFO | EXIT: 8% ๋ฌ์ฑ - 50% ๋งค๋ | KRW-ENS | Price: 43,980 | PnL: +240 (+8.27%) ๐ข
2025-08-10 10:03:15,731 | INFO | EXIT: 8% ๋ฌ์ฑ - 50% ๋งค๋ | KRW-ENS | Price: 44,340 | PnL: +266 (+9.16%) ๐ข
2025-08-10 10:04:21,001 | INFO | EXIT: 8% ๋ฌ์ฑ - 50% ๋งค๋ | KRW-ENS | Price: 44,370 | PnL: +268 (+9.23%) ๐ข
2025-08-10 10:05:26,281 | INFO | EXIT: 8% ๋ฌ์ฑ - 50% ๋งค๋ | KRW-ENS | Price: 44,350 | PnL: +267 (+9.18%) ๐ข
2025-08-10 10:06:31,580 | INFO | EXIT: 8% ๋ฌ์ฑ - 50% ๋งค๋ | KRW-ENS | Price: 44,010 | PnL: +242 (+8.35%) ๐ข
2025-08-10 10:07:36,861 | INFO | EXIT: 8% ๋ฌ์ฑ - 50% ๋งค๋ | KRW-ENS | Price: 43,980 | PnL: +240 (+8.27%) ๐ข
2025-08-10 10:08:42,050 | INFO | EXIT: 8% ๋ฌ์ฑ - 50% ๋งค๋ | KRW-ENS | Price: 43,960 | PnL: +239 (+8.22%) ๐ข
2025-08-10 10:09:47,320 | INFO | EXIT: 8% ๋ฌ์ฑ - 50% ๋งค๋ | KRW-ENS | Price: 43,980 | PnL: +240 (+8.27%) ๐ข
2025-08-10 10:10:52,719 | INFO | EXIT: 5% ๋ฌ์ฑ - 30% ๋งค๋ | KRW-ENS | Price: 43,720 | PnL: +133 (+7.63%) ๐ข
2025-08-10 10:11:57,989 | INFO | EXIT: 5% ๋ฌ์ฑ - 30% ๋งค๋ | KRW-ENS | Price: 43,420 | PnL: +120 (+6.89%) ๐ข
2025-08-10 10:13:03,348 | INFO | EXIT: 5% ๋ฌ์ฑ - 30% ๋งค๋ | KRW-ENS | Price: 43,150 | PnL: +109 (+6.23%) ๐ข
2025-08-10 10:14:08,728 | INFO | EXIT: 5% ๋ฌ์ฑ - 30% ๋งค๋ | KRW-ENS | Price: 43,340 | PnL: +117 (+6.70%) ๐ข
2025-08-10 10:15:14,038 | INFO | EXIT: 5% ๋ฌ์ฑ - 30% ๋งค๋ | KRW-ENS | Price: 42,970 | PnL: +101 (+5.79%) ๐ข
2025-08-10 12:08:10,500 | INFO | TRADE: BUY | KRW-ENS | Price: 41,040 | Qty: 0.126395 | Stage4: defensive TF | TP: 41,861 | SL: 40,610
2025-08-10 12:08:12,670 | INFO | TRADE: BUY | KRW-ENA | Price: 1,020 | Qty: 5.565743 | Stage4: defensive TF | TP: 1,041 | SL: 1,010
2025-08-10 12:14:53,093 | INFO | TRADE: BUY | KRW-ENS | Price: 40,980 | Qty: 0.188774 | Stage4: defensive TF | TP: 41,800 | SL: 40,550
2025-08-10 12:16:00,354 | INFO | TRADE: BUY | KRW-ETH | Price: 5,835,000 | Qty: 0.001451 | Stage4: defensive TF | TP: 5,954,618 | SL: 5,776,650
2025-08-10 12:17:05,573 | INFO | TRADE: BUY | KRW-ENA | Price: 1,019 | Qty: 8.059013 | Stage4: defensive TF | TP: 1,040 | SL: 1,009
2025-08-10 17:01:46,250 | INFO | EXIT: Stop Loss | KRW-ENS | Price: 39,720 | PnL: -240 (-3.10%) ๐ด
2025-08-10 17:18:55,724 | INFO | TRADE: BUY | KRW-ENS | Price: 39,840 | Qty: 0.205574 | Stage4: defensive TF | TP: 40,657 | SL: 39,442
